--- feeds/packages/net/qBittorrent-Enhanced-Edition/Makefile.bak        2026-02-22 15:01:33.594079298 +0800
+++ feeds/packages/net/qBittorrent-Enhanced-Edition/Makefile    2026-02-22 15:02:24.539880559 +0800
@@ -48,7 +48,8 @@
        -DQT6=ON \
        -DSTACKTRACE=OFF \
        -DWEBUI=ON \
-       -DQT_ADDITIONAL_PACKAGES_PREFIX_PATH=$(STAGING_DIR_HOSTPKG)
+       -DQT_ADDITIONAL_PACKAGES_PREFIX_PATH=$(STAGING_DIR_HOSTPKG) \
+       -DCMAKE_CXX_FLAGS="-Wno-pedantic"

 define Package/qbittorrent-enhanced-edition/install
        $(INSTALL_DIR) $(1)/usr/bin

# This should fix "failed to build" error.
# ```
# FAILED: [code=1] src/app/CMakeFiles/qbt_app.dir/signalhandler.cpp.o
# /home/wujinjun/build/Actions-immortalwrt/openwrt/staging_dir/host/bin/ccache /home/wujinjun/build/Actions-immortalwrt/openwrt/staging_dir/toolchain-x86_64_gcc-14.3.0_musl/bin/x86_64-openwrt-linux-musl-g++ -DBOOST_ASIO_ENABLE_CANCELIO -DBOOST_ASIO_NO_DEPRECATED -DDISABLE_GUI -DOPENSSL_NO_SSL2 -DQBT_USES_LIBTORRENT2 -DQT_CORE_LIB -DQT_DISABLE_DEPRECATED_UP_TO=0x060500 -DQT_NETWORK_LIB -DQT_NO_CAST_FROM_ASCII -DQT_NO_CAST_FROM_BYTEARRAY -DQT_NO_CAST_TO_ASCII -DQT_NO_DEBUG -DQT_NO_DEBUG_OUTPUT -DQT_NO_NARROWING_CONVERSIONS_IN_CONNECT -DQT_SQL_LIB -DQT_STRICT_ITERATORS -DQT_USE_QSTRINGBUILDER -DQT_XML_LIB -DTORRENT_LINKING_SHARED -DTORRENT_SSL_PEERS -DTORRENT_USE_LIBCRYPTO -DTORRENT_USE_OPENSSL -I/home/wujinjun/build/Actions-immortalwrt/openwrt/build_dir/target-x86_64_musl/qBittorrent-Enhanced-Edition-release-5.1.3.10/src/app/qbt_app_autogen/include -I/home/wujinjun/build/Actions-immortalwrt/openwrt/build_dir/target-x86_64_musl/qBittorrent-Enhanced-Edition-release-5.1.3.10/src -isystem /home/wujinjun/build/Actions-immortalwrt/openwrt/staging_dir/target-x86_64_musl/usr/include/QtCore -isystem /home/wujinjun/build/Actions-immortalwrt/openwrt/staging_dir/target-x86_64_musl/usr/mkspecs/devices/linux-generic-g++ -isystem /home/wujinjun/build/Actions-immortalwrt/openwrt/staging_dir/target-x86_64_musl/usr/include/QtCore/6.9.1 -isystem /home/wujinjun/build/Actions-immortalwrt/openwrt/staging_dir/target-x86_64_musl/usr/include/QtCore/6.9.1/QtCore -isystem /home/wujinjun/build/Actions-immortalwrt/openwrt/staging_dir/target-x86_64_musl/usr/include/QtNetwork -isystem /home/wujinjun/build/Actions-immortalwrt/openwrt/staging_dir/target-x86_64_musl/usr/include/QtSql -isystem /home/wujinjun/build/Actions-immortalwrt/openwrt/staging_dir/target-x86_64_musl/usr/include/QtXml -Os -pipe -fno-caller-saves -fno-plt -fhonour-copts -fmacro-prefix-map=/home/wujinjun/build/Actions-immortalwrt/openwrt/build_dir/target-x86_64_musl/qBittorrent-Enhanced-Edition-release-5.1.3.10=qBittorrent-Enhanced-Edition-release-5.1.3.10 -Wformat -Werror=format-security -fstack-protector -D_FORTIFY_SOURCE=1 -Wl,-z,now -Wl,-z,relro -Wl,-z,pack-relative-relocs  -I/home/wujinjun/build/Actions-immortalwrt/openwrt/staging_dir/toolchain-x86_64_gcc-14.3.0_musl/usr/include -I/home/wujinjun/build/Actions-immortalwrt/openwrt/staging_dir/toolchain-x86_64_gcc-14.3.0_musl/include -I/home/wujinjun/build/Actions-immortalwrt/openwrt/staging_dir/toolchain-x86_64_gcc-14.3.0_musl/include/fortify -DNDEBUG -std=c++20 -fexceptions -fPIC -Wall -Wextra -Wcast-qual -Wcast-align -Winvalid-pch -Woverloaded-virtual -Wold-style-cast -Wnon-virtual-dtor -pedantic -pedantic-errors -Wstrict-null-sentinel -MD -MT src/app/CMakeFiles/qbt_app.dir/signalhandler.cpp.o -MF src/app/CMakeFiles/qbt_app.dir/signalhandler.cpp.o.d -o src/app/CMakeFiles/qbt_app.dir/signalhandler.cpp.o -c /home/wujinjun/build/Actions-immortalwrt/openwrt/build_dir/target-x86_64_musl/qBittorrent-Enhanced-Edition-release-5.1.3.10/src/app/signalhandler.cpp
# In file included from /home/wujinjun/build/Actions-immortalwrt/openwrt/build_dir/target-x86_64_musl/qBittorrent-Enhanced-Edition-release-5.1.3.10/src/app/signalhandler.cpp:39:
# /home/wujinjun/build/Actions-immortalwrt/openwrt/staging_dir/toolchain-x86_64_gcc-14.3.0_musl/include/fortify/unistd.h:22:2: error: #include_next is a GCC extension
#    22 | #include_next <unistd.h>
#       |  ^~~~~~~~~~~~
# ninja: build stopped: subcommand failed.
# ```
